<?xml version="1.0" encoding="UTF-8"?>
<!-- Generated by org.testng.reporters.JUnitReportReporter -->
<testsuite hostname="DESKTOP-2UJHBIB" name="extentreport.extReport" tests="1" failures="0" timestamp="19 Jun 2021 13:52:10 GMT" time="0.900" errors="0">
  <testcase name="loginTest" time="0.900" classname="extentreport.extReport"/>
</testsuite> <!-- extentreport.extReport -->
